   0  $accept : file $end

   1  file : decls
   2       |

   3  decls : decl
   4        | decls decl

   5  decl : var ';'
   6       | funcdecl

   7  var : type id '!' '=' expr
   8      | type id '=' expr
   9      | type id '?' '=' expr
  10      | type id '!'
  11      | type id
  12      | type id '?'

  13  funcdecl : type id '(' vars ')'
  14           | type id '!' '(' vars ')'
  15           | type id '?' '(' vars ')'
  16           | type id '(' vars ')' '=' literal block
  17           | type id '!' '(' vars ')' '=' literal block
  18           | type id '?' '(' vars ')' '=' literal block
  19           | type id '(' vars ')' block
  20           | type id '!' '(' vars ')' block
  21           | type id '?' '(' vars ')' block

  22  funcall : id '(' exprs ')'

  23  type : '<' tINTEGER '>'
  24       | '<' '%' '>'
  25       | '<' '$' '>'
  26       | tINTEGER
  27       | '%'
  28       | '!'
  29       | tSTRING

  30  vars : var
  31       | vars ',' var
  32       |

  33  literal : tLINTEGER
  34          | tLREAL
  35          | litstring

  36  litstring : tLSTRING
  37            | litstring tLSTRING

  38  block : '{' decls instrs '}'
  39        | '{' instrs '}'
  40        | '{' '}'

  41  instrs : instr
  42         | instrs instr

  43  instr : expr ';'
  44        | expr '!'
  45        | expr tPRINT
  46        | tBREAK
  47        | tCONTINUE
  48        | tRETURN
  49        | cond
  50        | iter
  51        | block

  52  cond : '[' expr ']' '#' instr
  53       | '[' expr ']' '?' instr
  54       | '[' expr ']' '#' instr tELSE instr
  55       | '[' expr ']' '?' instr tELSE instr

  56  fordecls : fordecls ',' var
  57           | fordecls ',' expr
  58           | var
  59           | expr
  60           |

  61  iter : '[' fordecls ';' expr ';' expr ']' instr
  62       | '[' fordecls ';' expr ';' ']' instr

  63  exprs : expr
  64        | exprs ',' expr
  65        |

  66  expr : lval
  67       | literal
  68       | '-' expr
  69       | '+' expr
  70       | '~' expr
  71       | expr '+' expr
  72       | expr '|' expr
  73       | expr '&' expr
  74       | expr '-' expr
  75       | expr '*' expr
  76       | expr '/' expr
  77       | expr '%' expr
  78       | expr '<' expr
  79       | expr '>' expr
  80       | expr tGE expr
  81       | expr tLE expr
  82       | expr tNE expr
  83       | expr tEQ expr
  84       | '(' expr ')'
  85       | lval '=' expr
  86       | '[' expr ']'
  87       | expr '?'
  88       | funcall

  89  lval : id
  90       | lval '[' expr ']'
  91       | '(' expr ')' '[' expr ']'

  92  id : tIDENTIFIER

state 0
	$accept : . file $end  (0)
	file : .  (2)

	tSTRING  shift 1
	tINTEGER  shift 2
	'%'  shift 3
	'<'  shift 4
	'!'  shift 5
	$end  reduce 2

	file  goto 6
	var  goto 7
	decl  goto 8
	funcdecl  goto 9
	decls  goto 10
	type  goto 11


state 1
	type : tSTRING .  (29)

	.  reduce 29


state 2
	type : tINTEGER .  (26)

	.  reduce 26


state 3
	type : '%' .  (27)

	.  reduce 27


state 4
	type : '<' . tINTEGER '>'  (23)
	type : '<' . '%' '>'  (24)
	type : '<' . '$' '>'  (25)

	tINTEGER  shift 12
	'$'  shift 13
	'%'  shift 14
	.  error


state 5
	type : '!' .  (28)

	.  reduce 28


state 6
	$accept : file . $end  (0)

	$end  accept


state 7
	decl : var . ';'  (5)

	';'  shift 15
	.  error


state 8
	decls : decl .  (3)

	.  reduce 3


state 9
	decl : funcdecl .  (6)

	.  reduce 6


state 10
	file : decls .  (1)
	decls : decls . decl  (4)

	tSTRING  shift 1
	tINTEGER  shift 2
	'%'  shift 3
	'<'  shift 4
	'!'  shift 5
	$end  reduce 1

	var  goto 7
	decl  goto 16
	funcdecl  goto 9
	type  goto 11


state 11
	var : type . id '!' '=' expr  (7)
	var : type . id '=' expr  (8)
	var : type . id '?' '=' expr  (9)
	var : type . id '!'  (10)
	var : type . id  (11)
	var : type . id '?'  (12)
	funcdecl : type . id '(' vars ')'  (13)
	funcdecl : type . id '!' '(' vars ')'  (14)
	funcdecl : type . id '?' '(' vars ')'  (15)
	funcdecl : type . id '(' vars ')' '=' literal block  (16)
	funcdecl : type . id '!' '(' vars ')' '=' literal block  (17)
	funcdecl : type . id '?' '(' vars ')' '=' literal block  (18)
	funcdecl : type . id '(' vars ')' block  (19)
	funcdecl : type . id '!' '(' vars ')' block  (20)
	funcdecl : type . id '?' '(' vars ')' block  (21)

	tIDENTIFIER  shift 17
	.  error

	id  goto 18


state 12
	type : '<' tINTEGER . '>'  (23)

	'>'  shift 19
	.  error


state 13
	type : '<' '$' . '>'  (25)

	'>'  shift 20
	.  error


state 14
	type : '<' '%' . '>'  (24)

	'>'  shift 21
	.  error


state 15
	decl : var ';' .  (5)

	.  reduce 5


state 16
	decls : decls decl .  (4)

	.  reduce 4


state 17
	id : tIDENTIFIER .  (92)

	.  reduce 92


state 18
	var : type id . '!' '=' expr  (7)
	var : type id . '=' expr  (8)
	var : type id . '?' '=' expr  (9)
	var : type id . '!'  (10)
	var : type id .  (11)
	var : type id . '?'  (12)
	funcdecl : type id . '(' vars ')'  (13)
	funcdecl : type id . '!' '(' vars ')'  (14)
	funcdecl : type id . '?' '(' vars ')'  (15)
	funcdecl : type id . '(' vars ')' '=' literal block  (16)
	funcdecl : type id . '!' '(' vars ')' '=' literal block  (17)
	funcdecl : type id . '?' '(' vars ')' '=' literal block  (18)
	funcdecl : type id . '(' vars ')' block  (19)
	funcdecl : type id . '!' '(' vars ')' block  (20)
	funcdecl : type id . '?' '(' vars ')' block  (21)

	'('  shift 22
	'='  shift 23
	'?'  shift 24
	'!'  shift 25
	';'  reduce 11


state 19
	type : '<' tINTEGER '>' .  (23)

	.  reduce 23


state 20
	type : '<' '$' '>' .  (25)

	.  reduce 25


state 21
	type : '<' '%' '>' .  (24)

	.  reduce 24


state 22
	funcdecl : type id '(' . vars ')'  (13)
	funcdecl : type id '(' . vars ')' '=' literal block  (16)
	funcdecl : type id '(' . vars ')' block  (19)
	vars : .  (32)

	tSTRING  shift 1
	tINTEGER  shift 2
	'%'  shift 3
	'<'  shift 4
	'!'  shift 5
	')'  reduce 32
	','  reduce 32

	var  goto 26
	vars  goto 27
	type  goto 28


state 23
	var : type id '=' . expr  (8)

	tLINTEGER  shift 29
	tLREAL  shift 30
	tIDENTIFIER  shift 17
	tLSTRING  shift 31
	'~'  shift 32
	'['  shift 33
	'('  shift 34
	'+'  shift 35
	'-'  shift 36
	.  error

	litstring  goto 37
	literal  goto 38
	expr  goto 39
	funcall  goto 40
	id  goto 41
	lval  goto 42


state 24
	var : type id '?' . '=' expr  (9)
	var : type id '?' .  (12)
	funcdecl : type id '?' . '(' vars ')'  (15)
	funcdecl : type id '?' . '(' vars ')' '=' literal block  (18)
	funcdecl : type id '?' . '(' vars ')' block  (21)

	'('  shift 43
	'='  shift 44
	';'  reduce 12


state 25
	var : type id '!' . '=' expr  (7)
	var : type id '!' .  (10)
	funcdecl : type id '!' . '(' vars ')'  (14)
	funcdecl : type id '!' . '(' vars ')' '=' literal block  (17)
	funcdecl : type id '!' . '(' vars ')' block  (20)

	'('  shift 45
	'='  shift 46
	';'  reduce 10


state 26
	vars : var .  (30)

	.  reduce 30


state 27
	funcdecl : type id '(' vars . ')'  (13)
	funcdecl : type id '(' vars . ')' '=' literal block  (16)
	funcdecl : type id '(' vars . ')' block  (19)
	vars : vars . ',' var  (31)

	')'  shift 47
	','  shift 48
	.  error


state 28
	var : type . id '!' '=' expr  (7)
	var : type . id '=' expr  (8)
	var : type . id '?' '=' expr  (9)
	var : type . id '!'  (10)
	var : type . id  (11)
	var : type . id '?'  (12)

	tIDENTIFIER  shift 17
	.  error

	id  goto 49


state 29
	literal : tLINTEGER .  (33)

	.  reduce 33


state 30
	literal : tLREAL .  (34)

	.  reduce 34


state 31
	litstring : tLSTRING .  (36)

	.  reduce 36


state 32
	expr : '~' . expr  (70)

	tLINTEGER  shift 29
	tLREAL  shift 30
	tIDENTIFIER  shift 17
	tLSTRING  shift 31
	'~'  shift 32
	'['  shift 33
	'('  shift 34
	'+'  shift 35
	'-'  shift 36
	.  error

	litstring  goto 37
	literal  goto 38
	expr  goto 50
	funcall  goto 40
	id  goto 41
	lval  goto 42


state 33
	expr : '[' . expr ']'  (86)

	tLINTEGER  shift 29
	tLREAL  shift 30
	tIDENTIFIER  shift 17
	tLSTRING  shift 31
	'~'  shift 32
	'['  shift 33
	'('  shift 34
	'+'  shift 35
	'-'  shift 36
	.  error

	litstring  goto 37
	literal  goto 38
	expr  goto 51
	funcall  goto 40
	id  goto 41
	lval  goto 42


state 34
	expr : '(' . expr ')'  (84)
	lval : '(' . expr ')' '[' expr ']'  (91)

	tLINTEGER  shift 29
	tLREAL  shift 30
	tIDENTIFIER  shift 17
	tLSTRING  shift 31
	'~'  shift 32
	'['  shift 33
	'('  shift 34
	'+'  shift 35
	'-'  shift 36
	.  error

	litstring  goto 37
	literal  goto 38
	expr  goto 52
	funcall  goto 40
	id  goto 41
	lval  goto 42


state 35
	expr : '+' . expr  (69)

	tLINTEGER  shift 29
	tLREAL  shift 30
	tIDENTIFIER  shift 17
	tLSTRING  shift 31
	'~'  shift 32
	'['  shift 33
	'('  shift 34
	'+'  shift 35
	'-'  shift 36
	.  error

	litstring  goto 37
	literal  goto 38
	expr  goto 53
	funcall  goto 40
	id  goto 41
	lval  goto 42


state 36
	expr : '-' . expr  (68)

	tLINTEGER  shift 29
	tLREAL  shift 30
	tIDENTIFIER  shift 17
	tLSTRING  shift 31
	'~'  shift 32
	'['  shift 33
	'('  shift 34
	'+'  shift 35
	'-'  shift 36
	.  error

	litstring  goto 37
	literal  goto 38
	expr  goto 54
	funcall  goto 40
	id  goto 41
	lval  goto 42


state 37
	literal : litstring .  (35)
	litstring : litstring . tLSTRING  (37)

	tLSTRING  shift 55
	tPRINT  reduce 35
	']'  reduce 35
	')'  reduce 35
	'{'  reduce 35
	'?'  reduce 35
	'&'  reduce 35
	'|'  reduce 35
	'%'  reduce 35
	tEQ  reduce 35
	tNE  reduce 35
	tGE  reduce 35
	tLE  reduce 35
	'>'  reduce 35
	'<'  reduce 35
	'+'  reduce 35
	'-'  reduce 35
	'*'  reduce 35
	'/'  reduce 35
	';'  reduce 35
	'!'  reduce 35
	','  reduce 35


state 38
	expr : literal .  (67)

	.  reduce 67


state 39
	var : type id '=' expr .  (8)
	expr : expr . '+' expr  (71)
	expr : expr . '|' expr  (72)
	expr : expr . '&' expr  (73)
	expr : expr . '-' expr  (74)
	expr : expr . '*' expr  (75)
	expr : expr . '/' expr  (76)
	expr : expr . '%' expr  (77)
	expr : expr . '<' expr  (78)
	expr : expr . '>' expr  (79)
	expr : expr . tGE expr  (80)
	expr : expr . tLE expr  (81)
	expr : expr . tNE expr  (82)
	expr : expr . tEQ expr  (83)
	expr : expr . '?'  (87)

	'?'  shift 56
	'&'  shift 57
	'|'  shift 58
	'%'  shift 59
	tEQ  shift 60
	tNE  shift 61
	tGE  shift 62
	tLE  shift 63
	'>'  shift 64
	'<'  shift 65
	'+'  shift 66
	'-'  shift 67
	'*'  shift 68
	'/'  shift 69
	')'  reduce 8
	';'  reduce 8
	','  reduce 8


state 40
	expr : funcall .  (88)

	.  reduce 88


state 41
	funcall : id . '(' exprs ')'  (22)
	lval : id .  (89)

	'('  shift 70
	tPRINT  reduce 89
	'['  reduce 89
	']'  reduce 89
	')'  reduce 89
	'='  reduce 89
	'?'  reduce 89
	'&'  reduce 89
	'|'  reduce 89
	'%'  reduce 89
	tEQ  reduce 89
	tNE  reduce 89
	tGE  reduce 89
	tLE  reduce 89
	'>'  reduce 89
	'<'  reduce 89
	'+'  reduce 89
	'-'  reduce 89
	'*'  reduce 89
	'/'  reduce 89
	';'  reduce 89
	'!'  reduce 89
	','  reduce 89


state 42
	expr : lval .  (66)
	expr : lval . '=' expr  (85)
	lval : lval . '[' expr ']'  (90)

	'['  shift 71
	'='  shift 72
	tPRINT  reduce 66
	']'  reduce 66
	')'  reduce 66
	'?'  reduce 66
	'&'  reduce 66
	'|'  reduce 66
	'%'  reduce 66
	tEQ  reduce 66
	tNE  reduce 66
	tGE  reduce 66
	tLE  reduce 66
	'>'  reduce 66
	'<'  reduce 66
	'+'  reduce 66
	'-'  reduce 66
	'*'  reduce 66
	'/'  reduce 66
	';'  reduce 66
	'!'  reduce 66
	','  reduce 66


state 43
	funcdecl : type id '?' '(' . vars ')'  (15)
	funcdecl : type id '?' '(' . vars ')' '=' literal block  (18)
	funcdecl : type id '?' '(' . vars ')' block  (21)
	vars : .  (32)

	tSTRING  shift 1
	tINTEGER  shift 2
	'%'  shift 3
	'<'  shift 4
	'!'  shift 5
	')'  reduce 32
	','  reduce 32

	var  goto 26
	vars  goto 73
	type  goto 28


state 44
	var : type id '?' '=' . expr  (9)

	tLINTEGER  shift 29
	tLREAL  shift 30
	tIDENTIFIER  shift 17
	tLSTRING  shift 31
	'~'  shift 32
	'['  shift 33
	'('  shift 34
	'+'  shift 35
	'-'  shift 36
	.  error

	litstring  goto 37
	literal  goto 38
	expr  goto 74
	funcall  goto 40
	id  goto 41
	lval  goto 42


state 45
	funcdecl : type id '!' '(' . vars ')'  (14)
	funcdecl : type id '!' '(' . vars ')' '=' literal block  (17)
	funcdecl : type id '!' '(' . vars ')' block  (20)
	vars : .  (32)

	tSTRING  shift 1
	tINTEGER  shift 2
	'%'  shift 3
	'<'  shift 4
	'!'  shift 5
	')'  reduce 32
	','  reduce 32

	var  goto 26
	vars  goto 75
	type  goto 28


state 46
	var : type id '!' '=' . expr  (7)

	tLINTEGER  shift 29
	tLREAL  shift 30
	tIDENTIFIER  shift 17
	tLSTRING  shift 31
	'~'  shift 32
	'['  shift 33
	'('  shift 34
	'+'  shift 35
	'-'  shift 36
	.  error

	litstring  goto 37
	literal  goto 38
	expr  goto 76
	funcall  goto 40
	id  goto 41
	lval  goto 42


state 47
	funcdecl : type id '(' vars ')' .  (13)
	funcdecl : type id '(' vars ')' . '=' literal block  (16)
	funcdecl : type id '(' vars ')' . block  (19)

	'='  shift 77
	'{'  shift 78
	$end  reduce 13
	tLINTEGER  reduce 13
	tLREAL  reduce 13
	tIDENTIFIER  reduce 13
	tLSTRING  reduce 13
	tBREAK  reduce 13
	tCONTINUE  reduce 13
	tRETURN  reduce 13
	tSTRING  reduce 13
	tINTEGER  reduce 13
	'~'  reduce 13
	'['  reduce 13
	'('  reduce 13
	'%'  reduce 13
	'<'  reduce 13
	'+'  reduce 13
	'-'  reduce 13
	'!'  reduce 13

	block  goto 79


state 48
	vars : vars ',' . var  (31)

	tSTRING  shift 1
	tINTEGER  shift 2
	'%'  shift 3
	'<'  shift 4
	'!'  shift 5
	.  error

	var  goto 80
	type  goto 28


state 49
	var : type id . '!' '=' expr  (7)
	var : type id . '=' expr  (8)
	var : type id . '?' '=' expr  (9)
	var : type id . '!'  (10)
	var : type id .  (11)
	var : type id . '?'  (12)

	'='  shift 23
	'?'  shift 81
	'!'  shift 82
	')'  reduce 11
	';'  reduce 11
	','  reduce 11


state 50
	expr : '~' expr .  (70)
	expr : expr . '+' expr  (71)
	expr : expr . '|' expr  (72)
	expr : expr . '&' expr  (73)
	expr : expr . '-' expr  (74)
	expr : expr . '*' expr  (75)
	expr : expr . '/' expr  (76)
	expr : expr . '%' expr  (77)
	expr : expr . '<' expr  (78)
	expr : expr . '>' expr  (79)
	expr : expr . tGE expr  (80)
	expr : expr . tLE expr  (81)
	expr : expr . tNE expr  (82)
	expr : expr . tEQ expr  (83)
	expr : expr . '?'  (87)

	'?'  shift 56
	'&'  shift 57
	'|'  shift 58
	'%'  shift 59
	tEQ  shift 60
	tNE  shift 61
	tGE  shift 62
	tLE  shift 63
	'>'  shift 64
	'<'  shift 65
	'+'  shift 66
	'-'  shift 67
	'*'  shift 68
	'/'  shift 69
	tPRINT  reduce 70
	']'  reduce 70
	')'  reduce 70
	';'  reduce 70
	'!'  reduce 70
	','  reduce 70


state 51
	expr : expr . '+' expr  (71)
	expr : expr . '|' expr  (72)
	expr : expr . '&' expr  (73)
	expr : expr . '-' expr  (74)
	expr : expr . '*' expr  (75)
	expr : expr . '/' expr  (76)
	expr : expr . '%' expr  (77)
	expr : expr . '<' expr  (78)
	expr : expr . '>' expr  (79)
	expr : expr . tGE expr  (80)
	expr : expr . tLE expr  (81)
	expr : expr . tNE expr  (82)
	expr : expr . tEQ expr  (83)
	expr : '[' expr . ']'  (86)
	expr : expr . '?'  (87)

	']'  shift 83
	'?'  shift 56
	'&'  shift 57
	'|'  shift 58
	'%'  shift 59
	tEQ  shift 60
	tNE  shift 61
	tGE  shift 62
	tLE  shift 63
	'>'  shift 64
	'<'  shift 65
	'+'  shift 66
	'-'  shift 67
	'*'  shift 68
	'/'  shift 69
	.  error


state 52
	expr : expr . '+' expr  (71)
	expr : expr . '|' expr  (72)
	expr : expr . '&' expr  (73)
	expr : expr . '-' expr  (74)
	expr : expr . '*' expr  (75)
	expr : expr . '/' expr  (76)
	expr : expr . '%' expr  (77)
	expr : expr . '<' expr  (78)
	expr : expr . '>' expr  (79)
	expr : expr . tGE expr  (80)
	expr : expr . tLE expr  (81)
	expr : expr . tNE expr  (82)
	expr : expr . tEQ expr  (83)
	expr : '(' expr . ')'  (84)
	expr : expr . '?'  (87)
	lval : '(' expr . ')' '[' expr ']'  (91)

	')'  shift 84
	'?'  shift 56
	'&'  shift 57
	'|'  shift 58
	'%'  shift 59
	tEQ  shift 60
	tNE  shift 61
	tGE  shift 62
	tLE  shift 63
	'>'  shift 64
	'<'  shift 65
	'+'  shift 66
	'-'  shift 67
	'*'  shift 68
	'/'  shift 69
	.  error


state 53
	expr : '+' expr .  (69)
	expr : expr . '+' expr  (71)
	expr : expr . '|' expr  (72)
	expr : expr . '&' expr  (73)
	expr : expr . '-' expr  (74)
	expr : expr . '*' expr  (75)
	expr : expr . '/' expr  (76)
	expr : expr . '%' expr  (77)
	expr : expr . '<' expr  (78)
	expr : expr . '>' expr  (79)
	expr : expr . tGE expr  (80)
	expr : expr . tLE expr  (81)
	expr : expr . tNE expr  (82)
	expr : expr . tEQ expr  (83)
	expr : expr . '?'  (87)

	'?'  shift 56
	'&'  shift 57
	'|'  shift 58
	'%'  shift 59
	tEQ  shift 60
	tNE  shift 61
	tGE  shift 62
	tLE  shift 63
	'>'  shift 64
	'<'  shift 65
	'+'  shift 66
	'-'  shift 67
	'*'  shift 68
	'/'  shift 69
	tPRINT  reduce 69
	']'  reduce 69
	')'  reduce 69
	';'  reduce 69
	'!'  reduce 69
	','  reduce 69


state 54
	expr : '-' expr .  (68)
	expr : expr . '+' expr  (71)
	expr : expr . '|' expr  (72)
	expr : expr . '&' expr  (73)
	expr : expr . '-' expr  (74)
	expr : expr . '*' expr  (75)
	expr : expr . '/' expr  (76)
	expr : expr . '%' expr  (77)
	expr : expr . '<' expr  (78)
	expr : expr . '>' expr  (79)
	expr : expr . tGE expr  (80)
	expr : expr . tLE expr  (81)
	expr : expr . tNE expr  (82)
	expr : expr . tEQ expr  (83)
	expr : expr . '?'  (87)

	'?'  shift 56
	'&'  shift 57
	'|'  shift 58
	'%'  shift 59
	tEQ  shift 60
	tNE  shift 61
	tGE  shift 62
	tLE  shift 63
	'>'  shift 64
	'<'  shift 65
	'+'  shift 66
	'-'  shift 67
	'*'  shift 68
	'/'  shift 69
	tPRINT  reduce 68
	']'  reduce 68
	')'  reduce 68
	';'  reduce 68
	'!'  reduce 68
	','  reduce 68


state 55
	litstring : litstring tLSTRING .  (37)

	.  reduce 37


state 56
	expr : expr '?' .  (87)

	.  reduce 87


state 57
	expr : expr '&' . expr  (73)

	tLINTEGER  shift 29
	tLREAL  shift 30
	tIDENTIFIER  shift 17
	tLSTRING  shift 31
	'~'  shift 32
	'['  shift 33
	'('  shift 34
	'+'  shift 35
	'-'  shift 36
	.  error

	litstring  goto 37
	literal  goto 38
	expr  goto 85
	funcall  goto 40
	id  goto 41
	lval  goto 42


state 58
	expr : expr '|' . expr  (72)

	tLINTEGER  shift 29
	tLREAL  shift 30
	tIDENTIFIER  shift 17
	tLSTRING  shift 31
	'~'  shift 32
	'['  shift 33
	'('  shift 34
	'+'  shift 35
	'-'  shift 36
	.  error

	litstring  goto 37
	literal  goto 38
	expr  goto 86
	funcall  goto 40
	id  goto 41
	lval  goto 42


state 59
	expr : expr '%' . expr  (77)

	tLINTEGER  shift 29
	tLREAL  shift 30
	tIDENTIFIER  shift 17
	tLSTRING  shift 31
	'~'  shift 32
	'['  shift 33
	'('  shift 34
	'+'  shift 35
	'-'  shift 36
	.  error

	litstring  goto 37
	literal  goto 38
	expr  goto 87
	funcall  goto 40
	id  goto 41
	lval  goto 42


state 60
	expr : expr tEQ . expr  (83)

	tLINTEGER  shift 29
	tLREAL  shift 30
	tIDENTIFIER  shift 17
	tLSTRING  shift 31
	'~'  shift 32
	'['  shift 33
	'('  shift 34
	'+'  shift 35
	'-'  shift 36
	.  error

	litstring  goto 37
	literal  goto 38
	expr  goto 88
	funcall  goto 40
	id  goto 41
	lval  goto 42


state 61
	expr : expr tNE . expr  (82)

	tLINTEGER  shift 29
	tLREAL  shift 30
	tIDENTIFIER  shift 17
	tLSTRING  shift 31
	'~'  shift 32
	'['  shift 33
	'('  shift 34
	'+'  shift 35
	'-'  shift 36
	.  error

	litstring  goto 37
	literal  goto 38
	expr  goto 89
	funcall  goto 40
	id  goto 41
	lval  goto 42


state 62
	expr : expr tGE . expr  (80)

	tLINTEGER  shift 29
	tLREAL  shift 30
	tIDENTIFIER  shift 17
	tLSTRING  shift 31
	'~'  shift 32
	'['  shift 33
	'('  shift 34
	'+'  shift 35
	'-'  shift 36
	.  error

	litstring  goto 37
	literal  goto 38
	expr  goto 90
	funcall  goto 40
	id  goto 41
	lval  goto 42


state 63
	expr : expr tLE . expr  (81)

	tLINTEGER  shift 29
	tLREAL  shift 30
	tIDENTIFIER  shift 17
	tLSTRING  shift 31
	'~'  shift 32
	'['  shift 33
	'('  shift 34
	'+'  shift 35
	'-'  shift 36
	.  error

	litstring  goto 37
	literal  goto 38
	expr  goto 91
	funcall  goto 40
	id  goto 41
	lval  goto 42


state 64
	expr : expr '>' . expr  (79)

	tLINTEGER  shift 29
	tLREAL  shift 30
	tIDENTIFIER  shift 17
	tLSTRING  shift 31
	'~'  shift 32
	'['  shift 33
	'('  shift 34
	'+'  shift 35
	'-'  shift 36
	.  error

	litstring  goto 37
	literal  goto 38
	expr  goto 92
	funcall  goto 40
	id  goto 41
	lval  goto 42


state 65
	expr : expr '<' . expr  (78)

	tLINTEGER  shift 29
	tLREAL  shift 30
	tIDENTIFIER  shift 17
	tLSTRING  shift 31
	'~'  shift 32
	'['  shift 33
	'('  shift 34
	'+'  shift 35
	'-'  shift 36
	.  error

	litstring  goto 37
	literal  goto 38
	expr  goto 93
	funcall  goto 40
	id  goto 41
	lval  goto 42


state 66
	expr : expr '+' . expr  (71)

	tLINTEGER  shift 29
	tLREAL  shift 30
	tIDENTIFIER  shift 17
	tLSTRING  shift 31
	'~'  shift 32
	'['  shift 33
	'('  shift 34
	'+'  shift 35
	'-'  shift 36
	.  error

	litstring  goto 37
	literal  goto 38
	expr  goto 94
	funcall  goto 40
	id  goto 41
	lval  goto 42


state 67
	expr : expr '-' . expr  (74)

	tLINTEGER  shift 29
	tLREAL  shift 30
	tIDENTIFIER  shift 17
	tLSTRING  shift 31
	'~'  shift 32
	'['  shift 33
	'('  shift 34
	'+'  shift 35
	'-'  shift 36
	.  error

	litstring  goto 37
	literal  goto 38
	expr  goto 95
	funcall  goto 40
	id  goto 41
	lval  goto 42


state 68
	expr : expr '*' . expr  (75)

	tLINTEGER  shift 29
	tLREAL  shift 30
	tIDENTIFIER  shift 17
	tLSTRING  shift 31
	'~'  shift 32
	'['  shift 33
	'('  shift 34
	'+'  shift 35
	'-'  shift 36
	.  error

	litstring  goto 37
	literal  goto 38
	expr  goto 96
	funcall  goto 40
	id  goto 41
	lval  goto 42


state 69
	expr : expr '/' . expr  (76)

	tLINTEGER  shift 29
	tLREAL  shift 30
	tIDENTIFIER  shift 17
	tLSTRING  shift 31
	'~'  shift 32
	'['  shift 33
	'('  shift 34
	'+'  shift 35
	'-'  shift 36
	.  error

	litstring  goto 37
	literal  goto 38
	expr  goto 97
	funcall  goto 40
	id  goto 41
	lval  goto 42


state 70
	funcall : id '(' . exprs ')'  (22)
	exprs : .  (65)

	tLINTEGER  shift 29
	tLREAL  shift 30
	tIDENTIFIER  shift 17
	tLSTRING  shift 31
	'~'  shift 32
	'['  shift 33
	'('  shift 34
	'+'  shift 35
	'-'  shift 36
	')'  reduce 65
	','  reduce 65

	litstring  goto 37
	exprs  goto 98
	literal  goto 38
	expr  goto 99
	funcall  goto 40
	id  goto 41
	lval  goto 42


state 71
	lval : lval '[' . expr ']'  (90)

	tLINTEGER  shift 29
	tLREAL  shift 30
	tIDENTIFIER  shift 17
	tLSTRING  shift 31
	'~'  shift 32
	'['  shift 33
	'('  shift 34
	'+'  shift 35
	'-'  shift 36
	.  error

	litstring  goto 37
	literal  goto 38
	expr  goto 100
	funcall  goto 40
	id  goto 41
	lval  goto 42


state 72
	expr : lval '=' . expr  (85)

	tLINTEGER  shift 29
	tLREAL  shift 30
	tIDENTIFIER  shift 17
	tLSTRING  shift 31
	'~'  shift 32
	'['  shift 33
	'('  shift 34
	'+'  shift 35
	'-'  shift 36
	.  error

	litstring  goto 37
	literal  goto 38
	expr  goto 101
	funcall  goto 40
	id  goto 41
	lval  goto 42


state 73
	funcdecl : type id '?' '(' vars . ')'  (15)
	funcdecl : type id '?' '(' vars . ')' '=' literal block  (18)
	funcdecl : type id '?' '(' vars . ')' block  (21)
	vars : vars . ',' var  (31)

	')'  shift 102
	','  shift 48
	.  error


state 74
	var : type id '?' '=' expr .  (9)
	expr : expr . '+' expr  (71)
	expr : expr . '|' expr  (72)
	expr : expr . '&' expr  (73)
	expr : expr . '-' expr  (74)
	expr : expr . '*' expr  (75)
	expr : expr . '/' expr  (76)
	expr : expr . '%' expr  (77)
	expr : expr . '<' expr  (78)
	expr : expr . '>' expr  (79)
	expr : expr . tGE expr  (80)
	expr : expr . tLE expr  (81)
	expr : expr . tNE expr  (82)
	expr : expr . tEQ expr  (83)
	expr : expr . '?'  (87)

	'?'  shift 56
	'&'  shift 57
	'|'  shift 58
	'%'  shift 59
	tEQ  shift 60
	tNE  shift 61
	tGE  shift 62
	tLE  shift 63
	'>'  shift 64
	'<'  shift 65
	'+'  shift 66
	'-'  shift 67
	'*'  shift 68
	'/'  shift 69
	')'  reduce 9
	';'  reduce 9
	','  reduce 9


state 75
	funcdecl : type id '!' '(' vars . ')'  (14)
	funcdecl : type id '!' '(' vars . ')' '=' literal block  (17)
	funcdecl : type id '!' '(' vars . ')' block  (20)
	vars : vars . ',' var  (31)

	')'  shift 103
	','  shift 48
	.  error


state 76
	var : type id '!' '=' expr .  (7)
	expr : expr . '+' expr  (71)
	expr : expr . '|' expr  (72)
	expr : expr . '&' expr  (73)
	expr : expr . '-' expr  (74)
	expr : expr . '*' expr  (75)
	expr : expr . '/' expr  (76)
	expr : expr . '%' expr  (77)
	expr : expr . '<' expr  (78)
	expr : expr . '>' expr  (79)
	expr : expr . tGE expr  (80)
	expr : expr . tLE expr  (81)
	expr : expr . tNE expr  (82)
	expr : expr . tEQ expr  (83)
	expr : expr . '?'  (87)

	'?'  shift 56
	'&'  shift 57
	'|'  shift 58
	'%'  shift 59
	tEQ  shift 60
	tNE  shift 61
	tGE  shift 62
	tLE  shift 63
	'>'  shift 64
	'<'  shift 65
	'+'  shift 66
	'-'  shift 67
	'*'  shift 68
	'/'  shift 69
	')'  reduce 7
	';'  reduce 7
	','  reduce 7


state 77
	funcdecl : type id '(' vars ')' '=' . literal block  (16)

	tLINTEGER  shift 29
	tLREAL  shift 30
	tLSTRING  shift 31
	.  error

	litstring  goto 37
	literal  goto 104


state 78
	block : '{' . decls instrs '}'  (38)
	block : '{' . instrs '}'  (39)
	block : '{' . '}'  (40)

	tLINTEGER  shift 29
	tLREAL  shift 30
	tIDENTIFIER  shift 17
	tLSTRING  shift 31
	tBREAK  shift 105
	tCONTINUE  shift 106
	tRETURN  shift 107
	tSTRING  shift 1
	tINTEGER  shift 2
	'~'  shift 32
	'['  shift 108
	'('  shift 34
	'{'  shift 78
	'%'  shift 3
	'<'  shift 4
	'+'  shift 35
	'-'  shift 36
	'!'  shift 5
	'}'  shift 109
	.  error

	litstring  goto 37
	var  goto 7
	cond  goto 110
	iter  goto 111
	decl  goto 8
	instr  goto 112
	block  goto 113
	funcdecl  goto 9
	decls  goto 114
	instrs  goto 115
	literal  goto 38
	expr  goto 116
	funcall  goto 40
	type  goto 11
	id  goto 41
	lval  goto 42


state 79
	funcdecl : type id '(' vars ')' block .  (19)

	.  reduce 19


state 80
	vars : vars ',' var .  (31)

	.  reduce 31


state 81
	var : type id '?' . '=' expr  (9)
	var : type id '?' .  (12)

	'='  shift 44
	')'  reduce 12
	';'  reduce 12
	','  reduce 12


state 82
	var : type id '!' . '=' expr  (7)
	var : type id '!' .  (10)

	'='  shift 46
	')'  reduce 10
	';'  reduce 10
	','  reduce 10


state 83
	expr : '[' expr ']' .  (86)

	.  reduce 86


state 84
	expr : '(' expr ')' .  (84)
	lval : '(' expr ')' . '[' expr ']'  (91)

	'['  shift 117
	tPRINT  reduce 84
	']'  reduce 84
	')'  reduce 84
	'?'  reduce 84
	'&'  reduce 84
	'|'  reduce 84
	'%'  reduce 84
	tEQ  reduce 84
	tNE  reduce 84
	tGE  reduce 84
	tLE  reduce 84
	'>'  reduce 84
	'<'  reduce 84
	'+'  reduce 84
	'-'  reduce 84
	'*'  reduce 84
	'/'  reduce 84
	';'  reduce 84
	'!'  reduce 84
	','  reduce 84


state 85
	expr : expr . '+' expr  (71)
	expr : expr . '|' expr  (72)
	expr : expr . '&' expr  (73)
	expr : expr '&' expr .  (73)
	expr : expr . '-' expr  (74)
	expr : expr . '*' expr  (75)
	expr : expr . '/' expr  (76)
	expr : expr . '%' expr  (77)
	expr : expr . '<' expr  (78)
	expr : expr . '>' expr  (79)
	expr : expr . tGE expr  (80)
	expr : expr . tLE expr  (81)
	expr : expr . tNE expr  (82)
	expr : expr . tEQ expr  (83)
	expr : expr . '?'  (87)

	tEQ  shift 60
	tNE  shift 61
	tGE  shift 62
	tLE  shift 63
	'>'  shift 64
	'<'  shift 65
	'+'  shift 66
	'-'  shift 67
	'*'  shift 68
	'/'  shift 69
	tPRINT  reduce 73
	']'  reduce 73
	')'  reduce 73
	'?'  reduce 73
	'&'  reduce 73
	'|'  reduce 73
	'%'  reduce 73
	';'  reduce 73
	'!'  reduce 73
	','  reduce 73


state 86
	expr : expr . '+' expr  (71)
	expr : expr . '|' expr  (72)
	expr : expr '|' expr .  (72)
	expr : expr . '&' expr  (73)
	expr : expr . '-' expr  (74)
	expr : expr . '*' expr  (75)
	expr : expr . '/' expr  (76)
	expr : expr . '%' expr  (77)
	expr : expr . '<' expr  (78)
	expr : expr . '>' expr  (79)
	expr : expr . tGE expr  (80)
	expr : expr . tLE expr  (81)
	expr : expr . tNE expr  (82)
	expr : expr . tEQ expr  (83)
	expr : expr . '?'  (87)

	tEQ  shift 60
	tNE  shift 61
	tGE  shift 62
	tLE  shift 63
	'>'  shift 64
	'<'  shift 65
	'+'  shift 66
	'-'  shift 67
	'*'  shift 68
	'/'  shift 69
	tPRINT  reduce 72
	']'  reduce 72
	')'  reduce 72
	'?'  reduce 72
	'&'  reduce 72
	'|'  reduce 72
	'%'  reduce 72
	';'  reduce 72
	'!'  reduce 72
	','  reduce 72


state 87
	expr : expr . '+' expr  (71)
	expr : expr . '|' expr  (72)
	expr : expr . '&' expr  (73)
	expr : expr . '-' expr  (74)
	expr : expr . '*' expr  (75)
	expr : expr . '/' expr  (76)
	expr : expr . '%' expr  (77)
	expr : expr '%' expr .  (77)
	expr : expr . '<' expr  (78)
	expr : expr . '>' expr  (79)
	expr : expr . tGE expr  (80)
	expr : expr . tLE expr  (81)
	expr : expr . tNE expr  (82)
	expr : expr . tEQ expr  (83)
	expr : expr . '?'  (87)

	tEQ  shift 60
	tNE  shift 61
	tGE  shift 62
	tLE  shift 63
	'>'  shift 64
	'<'  shift 65
	'+'  shift 66
	'-'  shift 67
	'*'  shift 68
	'/'  shift 69
	tPRINT  reduce 77
	']'  reduce 77
	')'  reduce 77
	'?'  reduce 77
	'&'  reduce 77
	'|'  reduce 77
	'%'  reduce 77
	';'  reduce 77
	'!'  reduce 77
	','  reduce 77


state 88
	expr : expr . '+' expr  (71)
	expr : expr . '|' expr  (72)
	expr : expr . '&' expr  (73)
	expr : expr . '-' expr  (74)
	expr : expr . '*' expr  (75)
	expr : expr . '/' expr  (76)
	expr : expr . '%' expr  (77)
	expr : expr . '<' expr  (78)
	expr : expr . '>' expr  (79)
	expr : expr . tGE expr  (80)
	expr : expr . tLE expr  (81)
	expr : expr . tNE expr  (82)
	expr : expr . tEQ expr  (83)
	expr : expr tEQ expr .  (83)
	expr : expr . '?'  (87)

	tGE  shift 62
	tLE  shift 63
	'>'  shift 64
	'<'  shift 65
	'+'  shift 66
	'-'  shift 67
	'*'  shift 68
	'/'  shift 69
	tPRINT  reduce 83
	']'  reduce 83
	')'  reduce 83
	'?'  reduce 83
	'&'  reduce 83
	'|'  reduce 83
	'%'  reduce 83
	tEQ  reduce 83
	tNE  reduce 83
	';'  reduce 83
	'!'  reduce 83
	','  reduce 83


state 89
	expr : expr . '+' expr  (71)
	expr : expr . '|' expr  (72)
	expr : expr . '&' expr  (73)
	expr : expr . '-' expr  (74)
	expr : expr . '*' expr  (75)
	expr : expr . '/' expr  (76)
	expr : expr . '%' expr  (77)
	expr : expr . '<' expr  (78)
	expr : expr . '>' expr  (79)
	expr : expr . tGE expr  (80)
	expr : expr . tLE expr  (81)
	expr : expr . tNE expr  (82)
	expr : expr tNE expr .  (82)
	expr : expr . tEQ expr  (83)
	expr : expr . '?'  (87)

	tGE  shift 62
	tLE  shift 63
	'>'  shift 64
	'<'  shift 65
	'+'  shift 66
	'-'  shift 67
	'*'  shift 68
	'/'  shift 69
	tPRINT  reduce 82
	']'  reduce 82
	')'  reduce 82
	'?'  reduce 82
	'&'  reduce 82
	'|'  reduce 82
	'%'  reduce 82
	tEQ  reduce 82
	tNE  reduce 82
	';'  reduce 82
	'!'  reduce 82
	','  reduce 82


state 90
	expr : expr . '+' expr  (71)
	expr : expr . '|' expr  (72)
	expr : expr . '&' expr  (73)
	expr : expr . '-' expr  (74)
	expr : expr . '*' expr  (75)
	expr : expr . '/' expr  (76)
	expr : expr . '%' expr  (77)
	expr : expr . '<' expr  (78)
	expr : expr . '>' expr  (79)
	expr : expr . tGE expr  (80)
	expr : expr tGE expr .  (80)
	expr : expr . tLE expr  (81)
	expr : expr . tNE expr  (82)
	expr : expr . tEQ expr  (83)
	expr : expr . '?'  (87)

	'+'  shift 66
	'-'  shift 67
	'*'  shift 68
	'/'  shift 69
	tPRINT  reduce 80
	']'  reduce 80
	')'  reduce 80
	'?'  reduce 80
	'&'  reduce 80
	'|'  reduce 80
	'%'  reduce 80
	tEQ  reduce 80
	tNE  reduce 80
	tGE  reduce 80
	tLE  reduce 80
	'>'  reduce 80
	'<'  reduce 80
	';'  reduce 80
	'!'  reduce 80
	','  reduce 80


state 91
	expr : expr . '+' expr  (71)
	expr : expr . '|' expr  (72)
	expr : expr . '&' expr  (73)
	expr : expr . '-' expr  (74)
	expr : expr . '*' expr  (75)
	expr : expr . '/' expr  (76)
	expr : expr . '%' expr  (77)
	expr : expr . '<' expr  (78)
	expr : expr . '>' expr  (79)
	expr : expr . tGE expr  (80)
	expr : expr . tLE expr  (81)
	expr : expr tLE expr .  (81)
	expr : expr . tNE expr  (82)
	expr : expr . tEQ expr  (83)
	expr : expr . '?'  (87)

	'+'  shift 66
	'-'  shift 67
	'*'  shift 68
	'/'  shift 69
	tPRINT  reduce 81
	']'  reduce 81
	')'  reduce 81
	'?'  reduce 81
	'&'  reduce 81
	'|'  reduce 81
	'%'  reduce 81
	tEQ  reduce 81
	tNE  reduce 81
	tGE  reduce 81
	tLE  reduce 81
	'>'  reduce 81
	'<'  reduce 81
	';'  reduce 81
	'!'  reduce 81
	','  reduce 81


state 92
	expr : expr . '+' expr  (71)
	expr : expr . '|' expr  (72)
	expr : expr . '&' expr  (73)
	expr : expr . '-' expr  (74)
	expr : expr . '*' expr  (75)
	expr : expr . '/' expr  (76)
	expr : expr . '%' expr  (77)
	expr : expr . '<' expr  (78)
	expr : expr . '>' expr  (79)
	expr : expr '>' expr .  (79)
	expr : expr . tGE expr  (80)
	expr : expr . tLE expr  (81)
	expr : expr . tNE expr  (82)
	expr : expr . tEQ expr  (83)
	expr : expr . '?'  (87)

	'+'  shift 66
	'-'  shift 67
	'*'  shift 68
	'/'  shift 69
	tPRINT  reduce 79
	']'  reduce 79
	')'  reduce 79
	'?'  reduce 79
	'&'  reduce 79
	'|'  reduce 79
	'%'  reduce 79
	tEQ  reduce 79
	tNE  reduce 79
	tGE  reduce 79
	tLE  reduce 79
	'>'  reduce 79
	'<'  reduce 79
	';'  reduce 79
	'!'  reduce 79
	','  reduce 79


state 93
	expr : expr . '+' expr  (71)
	expr : expr . '|' expr  (72)
	expr : expr . '&' expr  (73)
	expr : expr . '-' expr  (74)
	expr : expr . '*' expr  (75)
	expr : expr . '/' expr  (76)
	expr : expr . '%' expr  (77)
	expr : expr . '<' expr  (78)
	expr : expr '<' expr .  (78)
	expr : expr . '>' expr  (79)
	expr : expr . tGE expr  (80)
	expr : expr . tLE expr  (81)
	expr : expr . tNE expr  (82)
	expr : expr . tEQ expr  (83)
	expr : expr . '?'  (87)

	'+'  shift 66
	'-'  shift 67
	'*'  shift 68
	'/'  shift 69
	tPRINT  reduce 78
	']'  reduce 78
	')'  reduce 78
	'?'  reduce 78
	'&'  reduce 78
	'|'  reduce 78
	'%'  reduce 78
	tEQ  reduce 78
	tNE  reduce 78
	tGE  reduce 78
	tLE  reduce 78
	'>'  reduce 78
	'<'  reduce 78
	';'  reduce 78
	'!'  reduce 78
	','  reduce 78


state 94
	expr : expr . '+' expr  (71)
	expr : expr '+' expr .  (71)
	expr : expr . '|' expr  (72)
	expr : expr . '&' expr  (73)
	expr : expr . '-' expr  (74)
	expr : expr . '*' expr  (75)
	expr : expr . '/' expr  (76)
	expr : expr . '%' expr  (77)
	expr : expr . '<' expr  (78)
	expr : expr . '>' expr  (79)
	expr : expr . tGE expr  (80)
	expr : expr . tLE expr  (81)
	expr : expr . tNE expr  (82)
	expr : expr . tEQ expr  (83)
	expr : expr . '?'  (87)

	'*'  shift 68
	'/'  shift 69
	tPRINT  reduce 71
	']'  reduce 71
	')'  reduce 71
	'?'  reduce 71
	'&'  reduce 71
	'|'  reduce 71
	'%'  reduce 71
	tEQ  reduce 71
	tNE  reduce 71
	tGE  reduce 71
	tLE  reduce 71
	'>'  reduce 71
	'<'  reduce 71
	'+'  reduce 71
	'-'  reduce 71
	';'  reduce 71
	'!'  reduce 71
	','  reduce 71


state 95
	expr : expr . '+' expr  (71)
	expr : expr . '|' expr  (72)
	expr : expr . '&' expr  (73)
	expr : expr . '-' expr  (74)
	expr : expr '-' expr .  (74)
	expr : expr . '*' expr  (75)
	expr : expr . '/' expr  (76)
	expr : expr . '%' expr  (77)
	expr : expr . '<' expr  (78)
	expr : expr . '>' expr  (79)
	expr : expr . tGE expr  (80)
	expr : expr . tLE expr  (81)
	expr : expr . tNE expr  (82)
	expr : expr . tEQ expr  (83)
	expr : expr . '?'  (87)

	'*'  shift 68
	'/'  shift 69
	tPRINT  reduce 74
	']'  reduce 74
	')'  reduce 74
	'?'  reduce 74
	'&'  reduce 74
	'|'  reduce 74
	'%'  reduce 74
	tEQ  reduce 74
	tNE  reduce 74
	tGE  reduce 74
	tLE  reduce 74
	'>'  reduce 74
	'<'  reduce 74
	'+'  reduce 74
	'-'  reduce 74
	';'  reduce 74
	'!'  reduce 74
	','  reduce 74


state 96
	expr : expr . '+' expr  (71)
	expr : expr . '|' expr  (72)
	expr : expr . '&' expr  (73)
	expr : expr . '-' expr  (74)
	expr : expr . '*' expr  (75)
	expr : expr '*' expr .  (75)
	expr : expr . '/' expr  (76)
	expr : expr . '%' expr  (77)
	expr : expr . '<' expr  (78)
	expr : expr . '>' expr  (79)
	expr : expr . tGE expr  (80)
	expr : expr . tLE expr  (81)
	expr : expr . tNE expr  (82)
	expr : expr . tEQ expr  (83)
	expr : expr . '?'  (87)

	.  reduce 75


state 97
	expr : expr . '+' expr  (71)
	expr : expr . '|' expr  (72)
	expr : expr . '&' expr  (73)
	expr : expr . '-' expr  (74)
	expr : expr . '*' expr  (75)
	expr : expr . '/' expr  (76)
	expr : expr '/' expr .  (76)
	expr : expr . '%' expr  (77)
	expr : expr . '<' expr  (78)
	expr : expr . '>' expr  (79)
	expr : expr . tGE expr  (80)
	expr : expr . tLE expr  (81)
	expr : expr . tNE expr  (82)
	expr : expr . tEQ expr  (83)
	expr : expr . '?'  (87)

	.  reduce 76


state 98
	funcall : id '(' exprs . ')'  (22)
	exprs : exprs . ',' expr  (64)

	')'  shift 118
	','  shift 119
	.  error


state 99
	exprs : expr .  (63)
	expr : expr . '+' expr  (71)
	expr : expr . '|' expr  (72)
	expr : expr . '&' expr  (73)
	expr : expr . '-' expr  (74)
	expr : expr . '*' expr  (75)
	expr : expr . '/' expr  (76)
	expr : expr . '%' expr  (77)
	expr : expr . '<' expr  (78)
	expr : expr . '>' expr  (79)
	expr : expr . tGE expr  (80)
	expr : expr . tLE expr  (81)
	expr : expr . tNE expr  (82)
	expr : expr . tEQ expr  (83)
	expr : expr . '?'  (87)

	'?'  shift 56
	'&'  shift 57
	'|'  shift 58
	'%'  shift 59
	tEQ  shift 60
	tNE  shift 61
	tGE  shift 62
	tLE  shift 63
	'>'  shift 64
	'<'  shift 65
	'+'  shift 66
	'-'  shift 67
	'*'  shift 68
	'/'  shift 69
	')'  reduce 63
	','  reduce 63


state 100
	expr : expr . '+' expr  (71)
	expr : expr . '|' expr  (72)
	expr : expr . '&' expr  (73)
	expr : expr . '-' expr  (74)
	expr : expr . '*' expr  (75)
	expr : expr . '/' expr  (76)
	expr : expr . '%' expr  (77)
	expr : expr . '<' expr  (78)
	expr : expr . '>' expr  (79)
	expr : expr . tGE expr  (80)
	expr : expr . tLE expr  (81)
	expr : expr . tNE expr  (82)
	expr : expr . tEQ expr  (83)
	expr : expr . '?'  (87)
	lval : lval '[' expr . ']'  (90)

	']'  shift 120
	'?'  shift 56
	'&'  shift 57
	'|'  shift 58
	'%'  shift 59
	tEQ  shift 60
	tNE  shift 61
	tGE  shift 62
	tLE  shift 63
	'>'  shift 64
	'<'  shift 65
	'+'  shift 66
	'-'  shift 67
	'*'  shift 68
	'/'  shift 69
	.  error


state 101
	expr : expr . '+' expr  (71)
	expr : expr . '|' expr  (72)
	expr : expr . '&' expr  (73)
	expr : expr . '-' expr  (74)
	expr : expr . '*' expr  (75)
	expr : expr . '/' expr  (76)
	expr : expr . '%' expr  (77)
	expr : expr . '<' expr  (78)
	expr : expr . '>' expr  (79)
	expr : expr . tGE expr  (80)
	expr : expr . tLE expr  (81)
	expr : expr . tNE expr  (82)
	expr : expr . tEQ expr  (83)
	expr : lval '=' expr .  (85)
	expr : expr . '?'  (87)

	'?'  shift 56
	'&'  shift 57
	'|'  shift 58
	'%'  shift 59
	tEQ  shift 60
	tNE  shift 61
	tGE  shift 62
	tLE  shift 63
	'>'  shift 64
	'<'  shift 65
	'+'  shift 66
	'-'  shift 67
	'*'  shift 68
	'/'  shift 69
	tPRINT  reduce 85
	']'  reduce 85
	')'  reduce 85
	';'  reduce 85
	'!'  reduce 85
	','  reduce 85


state 102
	funcdecl : type id '?' '(' vars ')' .  (15)
	funcdecl : type id '?' '(' vars ')' . '=' literal block  (18)
	funcdecl : type id '?' '(' vars ')' . block  (21)

	'='  shift 121
	'{'  shift 78
	$end  reduce 15
	tLINTEGER  reduce 15
	tLREAL  reduce 15
	tIDENTIFIER  reduce 15
	tLSTRING  reduce 15
	tBREAK  reduce 15
	tCONTINUE  reduce 15
	tRETURN  reduce 15
	tSTRING  reduce 15
	tINTEGER  reduce 15
	'~'  reduce 15
	'['  reduce 15
	'('  reduce 15
	'%'  reduce 15
	'<'  reduce 15
	'+'  reduce 15
	'-'  reduce 15
	'!'  reduce 15

	block  goto 122


state 103
	funcdecl : type id '!' '(' vars ')' .  (14)
	funcdecl : type id '!' '(' vars ')' . '=' literal block  (17)
	funcdecl : type id '!' '(' vars ')' . block  (20)

	'='  shift 123
	'{'  shift 78
	$end  reduce 14
	tLINTEGER  reduce 14
	tLREAL  reduce 14
	tIDENTIFIER  reduce 14
	tLSTRING  reduce 14
	tBREAK  reduce 14
	tCONTINUE  reduce 14
	tRETURN  reduce 14
	tSTRING  reduce 14
	tINTEGER  reduce 14
	'~'  reduce 14
	'['  reduce 14
	'('  reduce 14
	'%'  reduce 14
	'<'  reduce 14
	'+'  reduce 14
	'-'  reduce 14
	'!'  reduce 14

	block  goto 124


state 104
	funcdecl : type id '(' vars ')' '=' literal . block  (16)

	'{'  shift 78
	.  error

	block  goto 125


state 105
	instr : tBREAK .  (46)

	.  reduce 46


state 106
	instr : tCONTINUE .  (47)

	.  reduce 47


state 107
	instr : tRETURN .  (48)

	.  reduce 48


state 108
	cond : '[' . expr ']' '#' instr  (52)
	cond : '[' . expr ']' '?' instr  (53)
	cond : '[' . expr ']' '#' instr tELSE instr  (54)
	cond : '[' . expr ']' '?' instr tELSE instr  (55)
	iter : '[' . fordecls ';' expr ';' expr ']' instr  (61)
	iter : '[' . fordecls ';' expr ';' ']' instr  (62)
	expr : '[' . expr ']'  (86)
	fordecls : .  (60)

	tLINTEGER  shift 29
	tLREAL  shift 30
	tIDENTIFIER  shift 17
	tLSTRING  shift 31
	tSTRING  shift 1
	tINTEGER  shift 2
	'~'  shift 32
	'['  shift 33
	'('  shift 34
	'%'  shift 3
	'<'  shift 4
	'+'  shift 35
	'-'  shift 36
	'!'  shift 5
	';'  reduce 60
	','  reduce 60

	litstring  goto 37
	var  goto 126
	fordecls  goto 127
	literal  goto 38
	expr  goto 128
	funcall  goto 40
	type  goto 28
	id  goto 41
	lval  goto 42


state 109
	block : '{' '}' .  (40)

	.  reduce 40


state 110
	instr : cond .  (49)

	.  reduce 49


state 111
	instr : iter .  (50)

	.  reduce 50


state 112
	instrs : instr .  (41)

	.  reduce 41


state 113
	instr : block .  (51)

	.  reduce 51


state 114
	decls : decls . decl  (4)
	block : '{' decls . instrs '}'  (38)

	tLINTEGER  shift 29
	tLREAL  shift 30
	tIDENTIFIER  shift 17
	tLSTRING  shift 31
	tBREAK  shift 105
	tCONTINUE  shift 106
	tRETURN  shift 107
	tSTRING  shift 1
	tINTEGER  shift 2
	'~'  shift 32
	'['  shift 108
	'('  shift 34
	'{'  shift 78
	'%'  shift 3
	'<'  shift 4
	'+'  shift 35
	'-'  shift 36
	'!'  shift 5
	.  error

	litstring  goto 37
	var  goto 7
	cond  goto 110
	iter  goto 111
	decl  goto 16
	instr  goto 112
	block  goto 113
	funcdecl  goto 9
	instrs  goto 129
	literal  goto 38
	expr  goto 116
	funcall  goto 40
	type  goto 11
	id  goto 41
	lval  goto 42


state 115
	block : '{' instrs . '}'  (39)
	instrs : instrs . instr  (42)

	tLINTEGER  shift 29
	tLREAL  shift 30
	tIDENTIFIER  shift 17
	tLSTRING  shift 31
	tBREAK  shift 105
	tCONTINUE  shift 106
	tRETURN  shift 107
	'~'  shift 32
	'['  shift 108
	'('  shift 34
	'{'  shift 78
	'+'  shift 35
	'-'  shift 36
	'}'  shift 130
	.  error

	litstring  goto 37
	cond  goto 110
	iter  goto 111
	instr  goto 131
	block  goto 113
	literal  goto 38
	expr  goto 116
	funcall  goto 40
	id  goto 41
	lval  goto 42


state 116
	instr : expr . ';'  (43)
	instr : expr . '!'  (44)
	instr : expr . tPRINT  (45)
	expr : expr . '+' expr  (71)
	expr : expr . '|' expr  (72)
	expr : expr . '&' expr  (73)
	expr : expr . '-' expr  (74)
	expr : expr . '*' expr  (75)
	expr : expr . '/' expr  (76)
	expr : expr . '%' expr  (77)
	expr : expr . '<' expr  (78)
	expr : expr . '>' expr  (79)
	expr : expr . tGE expr  (80)
	expr : expr . tLE expr  (81)
	expr : expr . tNE expr  (82)
	expr : expr . tEQ expr  (83)
	expr : expr . '?'  (87)

	tPRINT  shift 132
	'?'  shift 56
	'&'  shift 57
	'|'  shift 58
	'%'  shift 59
	tEQ  shift 60
	tNE  shift 61
	tGE  shift 62
	tLE  shift 63
	'>'  shift 64
	'<'  shift 65
	'+'  shift 66
	'-'  shift 67
	'*'  shift 68
	'/'  shift 69
	';'  shift 133
	'!'  shift 134
	.  error


state 117
	lval : '(' expr ')' '[' . expr ']'  (91)

	tLINTEGER  shift 29
	tLREAL  shift 30
	tIDENTIFIER  shift 17
	tLSTRING  shift 31
	'~'  shift 32
	'['  shift 33
	'('  shift 34
	'+'  shift 35
	'-'  shift 36
	.  error

	litstring  goto 37
	literal  goto 38
	expr  goto 135
	funcall  goto 40
	id  goto 41
	lval  goto 42


state 118
	funcall : id '(' exprs ')' .  (22)

	.  reduce 22


state 119
	exprs : exprs ',' . expr  (64)

	tLINTEGER  shift 29
	tLREAL  shift 30
	tIDENTIFIER  shift 17
	tLSTRING  shift 31
	'~'  shift 32
	'['  shift 33
	'('  shift 34
	'+'  shift 35
	'-'  shift 36
	.  error

	litstring  goto 37
	literal  goto 38
	expr  goto 136
	funcall  goto 40
	id  goto 41
	lval  goto 42


state 120
	lval : lval '[' expr ']' .  (90)

	.  reduce 90


state 121
	funcdecl : type id '?' '(' vars ')' '=' . literal block  (18)

	tLINTEGER  shift 29
	tLREAL  shift 30
	tLSTRING  shift 31
	.  error

	litstring  goto 37
	literal  goto 137


state 122
	funcdecl : type id '?' '(' vars ')' block .  (21)

	.  reduce 21


state 123
	funcdecl : type id '!' '(' vars ')' '=' . literal block  (17)

	tLINTEGER  shift 29
	tLREAL  shift 30
	tLSTRING  shift 31
	.  error

	litstring  goto 37
	literal  goto 138


state 124
	funcdecl : type id '!' '(' vars ')' block .  (20)

	.  reduce 20


state 125
	funcdecl : type id '(' vars ')' '=' literal block .  (16)

	.  reduce 16


state 126
	fordecls : var .  (58)

	.  reduce 58


state 127
	fordecls : fordecls . ',' var  (56)
	fordecls : fordecls . ',' expr  (57)
	iter : '[' fordecls . ';' expr ';' expr ']' instr  (61)
	iter : '[' fordecls . ';' expr ';' ']' instr  (62)

	';'  shift 139
	','  shift 140
	.  error


state 128
	cond : '[' expr . ']' '#' instr  (52)
	cond : '[' expr . ']' '?' instr  (53)
	cond : '[' expr . ']' '#' instr tELSE instr  (54)
	cond : '[' expr . ']' '?' instr tELSE instr  (55)
	fordecls : expr .  (59)
	expr : expr . '+' expr  (71)
	expr : expr . '|' expr  (72)
	expr : expr . '&' expr  (73)
	expr : expr . '-' expr  (74)
	expr : expr . '*' expr  (75)
	expr : expr . '/' expr  (76)
	expr : expr . '%' expr  (77)
	expr : expr . '<' expr  (78)
	expr : expr . '>' expr  (79)
	expr : expr . tGE expr  (80)
	expr : expr . tLE expr  (81)
	expr : expr . tNE expr  (82)
	expr : expr . tEQ expr  (83)
	expr : '[' expr . ']'  (86)
	expr : expr . '?'  (87)

	']'  shift 141
	'?'  shift 56
	'&'  shift 57
	'|'  shift 58
	'%'  shift 59
	tEQ  shift 60
	tNE  shift 61
	tGE  shift 62
	tLE  shift 63
	'>'  shift 64
	'<'  shift 65
	'+'  shift 66
	'-'  shift 67
	'*'  shift 68
	'/'  shift 69
	';'  reduce 59
	','  reduce 59


state 129
	block : '{' decls instrs . '}'  (38)
	instrs : instrs . instr  (42)

	tLINTEGER  shift 29
	tLREAL  shift 30
	tIDENTIFIER  shift 17
	tLSTRING  shift 31
	tBREAK  shift 105
	tCONTINUE  shift 106
	tRETURN  shift 107
	'~'  shift 32
	'['  shift 108
	'('  shift 34
	'{'  shift 78
	'+'  shift 35
	'-'  shift 36
	'}'  shift 142
	.  error

	litstring  goto 37
	cond  goto 110
	iter  goto 111
	instr  goto 131
	block  goto 113
	literal  goto 38
	expr  goto 116
	funcall  goto 40
	id  goto 41
	lval  goto 42


state 130
	block : '{' instrs '}' .  (39)

	.  reduce 39


state 131
	instrs : instrs instr .  (42)

	.  reduce 42


state 132
	instr : expr tPRINT .  (45)

	.  reduce 45


state 133
	instr : expr ';' .  (43)

	.  reduce 43


state 134
	instr : expr '!' .  (44)

	.  reduce 44


state 135
	expr : expr . '+' expr  (71)
	expr : expr . '|' expr  (72)
	expr : expr . '&' expr  (73)
	expr : expr . '-' expr  (74)
	expr : expr . '*' expr  (75)
	expr : expr . '/' expr  (76)
	expr : expr . '%' expr  (77)
	expr : expr . '<' expr  (78)
	expr : expr . '>' expr  (79)
	expr : expr . tGE expr  (80)
	expr : expr . tLE expr  (81)
	expr : expr . tNE expr  (82)
	expr : expr . tEQ expr  (83)
	expr : expr . '?'  (87)
	lval : '(' expr ')' '[' expr . ']'  (91)

	']'  shift 143
	'?'  shift 56
	'&'  shift 57
	'|'  shift 58
	'%'  shift 59
	tEQ  shift 60
	tNE  shift 61
	tGE  shift 62
	tLE  shift 63
	'>'  shift 64
	'<'  shift 65
	'+'  shift 66
	'-'  shift 67
	'*'  shift 68
	'/'  shift 69
	.  error


state 136
	exprs : exprs ',' expr .  (64)
	expr : expr . '+' expr  (71)
	expr : expr . '|' expr  (72)
	expr : expr . '&' expr  (73)
	expr : expr . '-' expr  (74)
	expr : expr . '*' expr  (75)
	expr : expr . '/' expr  (76)
	expr : expr . '%' expr  (77)
	expr : expr . '<' expr  (78)
	expr : expr . '>' expr  (79)
	expr : expr . tGE expr  (80)
	expr : expr . tLE expr  (81)
	expr : expr . tNE expr  (82)
	expr : expr . tEQ expr  (83)
	expr : expr . '?'  (87)

	'?'  shift 56
	'&'  shift 57
	'|'  shift 58
	'%'  shift 59
	tEQ  shift 60
	tNE  shift 61
	tGE  shift 62
	tLE  shift 63
	'>'  shift 64
	'<'  shift 65
	'+'  shift 66
	'-'  shift 67
	'*'  shift 68
	'/'  shift 69
	')'  reduce 64
	','  reduce 64


state 137
	funcdecl : type id '?' '(' vars ')' '=' literal . block  (18)

	'{'  shift 78
	.  error

	block  goto 144


state 138
	funcdecl : type id '!' '(' vars ')' '=' literal . block  (17)

	'{'  shift 78
	.  error

	block  goto 145


state 139
	iter : '[' fordecls ';' . expr ';' expr ']' instr  (61)
	iter : '[' fordecls ';' . expr ';' ']' instr  (62)

	tLINTEGER  shift 29
	tLREAL  shift 30
	tIDENTIFIER  shift 17
	tLSTRING  shift 31
	'~'  shift 32
	'['  shift 33
	'('  shift 34
	'+'  shift 35
	'-'  shift 36
	.  error

	litstring  goto 37
	literal  goto 38
	expr  goto 146
	funcall  goto 40
	id  goto 41
	lval  goto 42


state 140
	fordecls : fordecls ',' . var  (56)
	fordecls : fordecls ',' . expr  (57)

	tLINTEGER  shift 29
	tLREAL  shift 30
	tIDENTIFIER  shift 17
	tLSTRING  shift 31
	tSTRING  shift 1
	tINTEGER  shift 2
	'~'  shift 32
	'['  shift 33
	'('  shift 34
	'%'  shift 3
	'<'  shift 4
	'+'  shift 35
	'-'  shift 36
	'!'  shift 5
	.  error

	litstring  goto 37
	var  goto 147
	literal  goto 38
	expr  goto 148
	funcall  goto 40
	type  goto 28
	id  goto 41
	lval  goto 42


state 141
	cond : '[' expr ']' . '#' instr  (52)
	cond : '[' expr ']' . '?' instr  (53)
	cond : '[' expr ']' . '#' instr tELSE instr  (54)
	cond : '[' expr ']' . '?' instr tELSE instr  (55)
	expr : '[' expr ']' .  (86)

	'#'  shift 149
	'?'  shift 150
	tPRINT  reduce 86
	'&'  reduce 86
	'|'  reduce 86
	'%'  reduce 86
	tEQ  reduce 86
	tNE  reduce 86
	tGE  reduce 86
	tLE  reduce 86
	'>'  reduce 86
	'<'  reduce 86
	'+'  reduce 86
	'-'  reduce 86
	'*'  reduce 86
	'/'  reduce 86
	';'  reduce 86
	'!'  reduce 86


state 142
	block : '{' decls instrs '}' .  (38)

	.  reduce 38


state 143
	lval : '(' expr ')' '[' expr ']' .  (91)

	.  reduce 91


state 144
	funcdecl : type id '?' '(' vars ')' '=' literal block .  (18)

	.  reduce 18


state 145
	funcdecl : type id '!' '(' vars ')' '=' literal block .  (17)

	.  reduce 17


state 146
	iter : '[' fordecls ';' expr . ';' expr ']' instr  (61)
	iter : '[' fordecls ';' expr . ';' ']' instr  (62)
	expr : expr . '+' expr  (71)
	expr : expr . '|' expr  (72)
	expr : expr . '&' expr  (73)
	expr : expr . '-' expr  (74)
	expr : expr . '*' expr  (75)
	expr : expr . '/' expr  (76)
	expr : expr . '%' expr  (77)
	expr : expr . '<' expr  (78)
	expr : expr . '>' expr  (79)
	expr : expr . tGE expr  (80)
	expr : expr . tLE expr  (81)
	expr : expr . tNE expr  (82)
	expr : expr . tEQ expr  (83)
	expr : expr . '?'  (87)

	'?'  shift 56
	'&'  shift 57
	'|'  shift 58
	'%'  shift 59
	tEQ  shift 60
	tNE  shift 61
	tGE  shift 62
	tLE  shift 63
	'>'  shift 64
	'<'  shift 65
	'+'  shift 66
	'-'  shift 67
	'*'  shift 68
	'/'  shift 69
	';'  shift 151
	.  error


state 147
	fordecls : fordecls ',' var .  (56)

	.  reduce 56


state 148
	fordecls : fordecls ',' expr .  (57)
	expr : expr . '+' expr  (71)
	expr : expr . '|' expr  (72)
	expr : expr . '&' expr  (73)
	expr : expr . '-' expr  (74)
	expr : expr . '*' expr  (75)
	expr : expr . '/' expr  (76)
	expr : expr . '%' expr  (77)
	expr : expr . '<' expr  (78)
	expr : expr . '>' expr  (79)
	expr : expr . tGE expr  (80)
	expr : expr . tLE expr  (81)
	expr : expr . tNE expr  (82)
	expr : expr . tEQ expr  (83)
	expr : expr . '?'  (87)

	'?'  shift 56
	'&'  shift 57
	'|'  shift 58
	'%'  shift 59
	tEQ  shift 60
	tNE  shift 61
	tGE  shift 62
	tLE  shift 63
	'>'  shift 64
	'<'  shift 65
	'+'  shift 66
	'-'  shift 67
	'*'  shift 68
	'/'  shift 69
	';'  reduce 57
	','  reduce 57


state 149
	cond : '[' expr ']' '#' . instr  (52)
	cond : '[' expr ']' '#' . instr tELSE instr  (54)

	tLINTEGER  shift 29
	tLREAL  shift 30
	tIDENTIFIER  shift 17
	tLSTRING  shift 31
	tBREAK  shift 105
	tCONTINUE  shift 106
	tRETURN  shift 107
	'~'  shift 32
	'['  shift 108
	'('  shift 34
	'{'  shift 78
	'+'  shift 35
	'-'  shift 36
	.  error

	litstring  goto 37
	cond  goto 110
	iter  goto 111
	instr  goto 152
	block  goto 113
	literal  goto 38
	expr  goto 116
	funcall  goto 40
	id  goto 41
	lval  goto 42


state 150
	cond : '[' expr ']' '?' . instr  (53)
	cond : '[' expr ']' '?' . instr tELSE instr  (55)

	tLINTEGER  shift 29
	tLREAL  shift 30
	tIDENTIFIER  shift 17
	tLSTRING  shift 31
	tBREAK  shift 105
	tCONTINUE  shift 106
	tRETURN  shift 107
	'~'  shift 32
	'['  shift 108
	'('  shift 34
	'{'  shift 78
	'+'  shift 35
	'-'  shift 36
	.  error

	litstring  goto 37
	cond  goto 110
	iter  goto 111
	instr  goto 153
	block  goto 113
	literal  goto 38
	expr  goto 116
	funcall  goto 40
	id  goto 41
	lval  goto 42


state 151
	iter : '[' fordecls ';' expr ';' . expr ']' instr  (61)
	iter : '[' fordecls ';' expr ';' . ']' instr  (62)

	tLINTEGER  shift 29
	tLREAL  shift 30
	tIDENTIFIER  shift 17
	tLSTRING  shift 31
	'~'  shift 32
	'['  shift 33
	']'  shift 154
	'('  shift 34
	'+'  shift 35
	'-'  shift 36
	.  error

	litstring  goto 37
	literal  goto 38
	expr  goto 155
	funcall  goto 40
	id  goto 41
	lval  goto 42


state 152
	cond : '[' expr ']' '#' instr .  (52)
	cond : '[' expr ']' '#' instr . tELSE instr  (54)

	tELSE  shift 156
	tLINTEGER  reduce 52
	tLREAL  reduce 52
	tIDENTIFIER  reduce 52
	tLSTRING  reduce 52
	tBREAK  reduce 52
	tCONTINUE  reduce 52
	tRETURN  reduce 52
	'~'  reduce 52
	'['  reduce 52
	'('  reduce 52
	'{'  reduce 52
	'+'  reduce 52
	'-'  reduce 52
	'}'  reduce 52


state 153
	cond : '[' expr ']' '?' instr .  (53)
	cond : '[' expr ']' '?' instr . tELSE instr  (55)

	tELSE  shift 157
	tLINTEGER  reduce 53
	tLREAL  reduce 53
	tIDENTIFIER  reduce 53
	tLSTRING  reduce 53
	tBREAK  reduce 53
	tCONTINUE  reduce 53
	tRETURN  reduce 53
	'~'  reduce 53
	'['  reduce 53
	'('  reduce 53
	'{'  reduce 53
	'+'  reduce 53
	'-'  reduce 53
	'}'  reduce 53


state 154
	iter : '[' fordecls ';' expr ';' ']' . instr  (62)

	tLINTEGER  shift 29
	tLREAL  shift 30
	tIDENTIFIER  shift 17
	tLSTRING  shift 31
	tBREAK  shift 105
	tCONTINUE  shift 106
	tRETURN  shift 107
	'~'  shift 32
	'['  shift 108
	'('  shift 34
	'{'  shift 78
	'+'  shift 35
	'-'  shift 36
	.  error

	litstring  goto 37
	cond  goto 110
	iter  goto 111
	instr  goto 158
	block  goto 113
	literal  goto 38
	expr  goto 116
	funcall  goto 40
	id  goto 41
	lval  goto 42


state 155
	iter : '[' fordecls ';' expr ';' expr . ']' instr  (61)
	expr : expr . '+' expr  (71)
	expr : expr . '|' expr  (72)
	expr : expr . '&' expr  (73)
	expr : expr . '-' expr  (74)
	expr : expr . '*' expr  (75)
	expr : expr . '/' expr  (76)
	expr : expr . '%' expr  (77)
	expr : expr . '<' expr  (78)
	expr : expr . '>' expr  (79)
	expr : expr . tGE expr  (80)
	expr : expr . tLE expr  (81)
	expr : expr . tNE expr  (82)
	expr : expr . tEQ expr  (83)
	expr : expr . '?'  (87)

	']'  shift 159
	'?'  shift 56
	'&'  shift 57
	'|'  shift 58
	'%'  shift 59
	tEQ  shift 60
	tNE  shift 61
	tGE  shift 62
	tLE  shift 63
	'>'  shift 64
	'<'  shift 65
	'+'  shift 66
	'-'  shift 67
	'*'  shift 68
	'/'  shift 69
	.  error


state 156
	cond : '[' expr ']' '#' instr tELSE . instr  (54)

	tLINTEGER  shift 29
	tLREAL  shift 30
	tIDENTIFIER  shift 17
	tLSTRING  shift 31
	tBREAK  shift 105
	tCONTINUE  shift 106
	tRETURN  shift 107
	'~'  shift 32
	'['  shift 108
	'('  shift 34
	'{'  shift 78
	'+'  shift 35
	'-'  shift 36
	.  error

	litstring  goto 37
	cond  goto 110
	iter  goto 111
	instr  goto 160
	block  goto 113
	literal  goto 38
	expr  goto 116
	funcall  goto 40
	id  goto 41
	lval  goto 42


state 157
	cond : '[' expr ']' '?' instr tELSE . instr  (55)

	tLINTEGER  shift 29
	tLREAL  shift 30
	tIDENTIFIER  shift 17
	tLSTRING  shift 31
	tBREAK  shift 105
	tCONTINUE  shift 106
	tRETURN  shift 107
	'~'  shift 32
	'['  shift 108
	'('  shift 34
	'{'  shift 78
	'+'  shift 35
	'-'  shift 36
	.  error

	litstring  goto 37
	cond  goto 110
	iter  goto 111
	instr  goto 161
	block  goto 113
	literal  goto 38
	expr  goto 116
	funcall  goto 40
	id  goto 41
	lval  goto 42


state 158
	iter : '[' fordecls ';' expr ';' ']' instr .  (62)

	.  reduce 62


state 159
	iter : '[' fordecls ';' expr ';' expr ']' . instr  (61)

	tLINTEGER  shift 29
	tLREAL  shift 30
	tIDENTIFIER  shift 17
	tLSTRING  shift 31
	tBREAK  shift 105
	tCONTINUE  shift 106
	tRETURN  shift 107
	'~'  shift 32
	'['  shift 108
	'('  shift 34
	'{'  shift 78
	'+'  shift 35
	'-'  shift 36
	.  error

	litstring  goto 37
	cond  goto 110
	iter  goto 111
	instr  goto 162
	block  goto 113
	literal  goto 38
	expr  goto 116
	funcall  goto 40
	id  goto 41
	lval  goto 42


state 160
	cond : '[' expr ']' '#' instr tELSE instr .  (54)

	.  reduce 54


state 161
	cond : '[' expr ']' '?' instr tELSE instr .  (55)

	.  reduce 55


state 162
	iter : '[' fordecls ';' expr ';' expr ']' instr .  (61)

	.  reduce 61


48 terminals, 21 nonterminals
93 grammar rules, 163 states
